TN:
SF:src\pages\Login.jsx
FN:2,asyncGeneratorStep
FN:2,_asyncToGenerator
FN:2,_next
FN:2,_throw
FN:2,_slicedToArray
FN:2,_nonIterableRest
FN:2,_unsupportedIterableToArray
FN:2,_arrayLikeToArray
FN:2,_iterableToArrayLimit
FN:2,_arrayWithHoles
FN:9,Login
FN:17,_callee
FN:17,_callee$
FN:45,onChange
FN:46,onChange
FNF:15
FNH:11
FNDA:6,asyncGeneratorStep
FNDA:14,_asyncToGenerator
FNDA:5,_next
FNDA:1,_throw
FNDA:42,_slicedToArray
FNDA:0,_nonIterableRest
FNDA:0,_unsupportedIterableToArray
FNDA:0,_arrayLikeToArray
FNDA:0,_iterableToArrayLimit
FNDA:42,_arrayWithHoles
FNDA:14,Login
FNDA:3,_callee
FNDA:8,_callee$
FNDA:1,onChange
FNDA:1,onChange
DA:1,1
DA:2,42
DA:3,1
DA:4,1
DA:5,1
DA:6,1
DA:7,1
DA:8,1
DA:9,1
DA:10,14
DA:11,14
DA:12,14
DA:13,14
DA:14,14
DA:15,14
DA:16,14
DA:17,14
DA:18,3
DA:19,3
DA:20,2
DA:21,2
DA:22,2
DA:23,3
DA:24,3
DA:25,3
DA:26,3
DA:27,3
DA:28,14
DA:29,14
DA:30,14
DA:31,14
DA:32,14
DA:33,14
DA:34,14
DA:35,14
DA:36,14
DA:37,14
DA:38,14
DA:39,14
DA:40,14
DA:41,14
DA:42,14
DA:43,14
DA:44,14
DA:45,14
DA:46,14
DA:47,14
DA:48,14
DA:49,14
DA:50,14
DA:51,14
DA:52,14
DA:53,14
DA:54,14
DA:55,14
DA:56,14
DA:57,14
DA:58,14
DA:59,14
DA:60,1
DA:61,1
LF:61
LH:61
BRDA:2,0,0,6
BRDA:2,1,0,0
BRDA:2,2,0,3
BRDA:2,3,0,14
BRDA:2,4,0,3
BRDA:2,5,0,3
BRDA:2,6,0,5
BRDA:2,7,0,1
BRDA:2,8,0,42
BRDA:2,9,0,0
BRDA:2,10,0,0
BRDA:2,11,0,0
BRDA:2,12,0,42
BRDA:9,13,0,14
BRDA:48,14,0,3
BRDA:17,15,0,14
BRDA:17,16,0,3
BRDA:17,17,0,8
BRDA:17,18,0,3
BRDA:20,19,0,2
BRDA:23,20,0,3
BRDA:45,21,0,1
BRDA:46,22,0,1
BRF:23
BRH:19
end_of_record
TN:
SF:src\pages\Register.jsx
FN:2,asyncGeneratorStep
FN:2,_asyncToGenerator
FN:2,_next
FN:2,_throw
FN:2,_slicedToArray
FN:2,_nonIterableRest
FN:2,_unsupportedIterableToArray
FN:2,_arrayLikeToArray
FN:2,_iterableToArrayLimit
FN:2,_arrayWithHoles
FN:8,Register
FN:20,_callee
FN:20,_callee$
FN:72,onChange
FN:73,onChange
FN:74,onChange
FNF:16
FNH:11
FNDA:11,asyncGeneratorStep
FNDA:25,_asyncToGenerator
FNDA:11,_next
FNDA:0,_throw
FNDA:150,_slicedToArray
FNDA:0,_nonIterableRest
FNDA:0,_unsupportedIterableToArray
FNDA:0,_arrayLikeToArray
FNDA:0,_iterableToArrayLimit
FNDA:150,_arrayWithHoles
FNDA:25,Register
FNDA:4,_callee
FNDA:12,_callee$
FNDA:3,onChange
FNDA:3,onChange
FNDA:3,onChange
DA:1,1
DA:2,150
DA:3,1
DA:4,1
DA:5,1
DA:6,1
DA:7,1
DA:8,1
DA:9,25
DA:10,25
DA:11,25
DA:12,25
DA:13,25
DA:14,25
DA:15,25
DA:16,25
DA:17,25
DA:18,25
DA:19,25
DA:20,25
DA:21,4
DA:22,4
DA:23,4
DA:24,4
DA:25,4
DA:26,1
DA:27,1
DA:28,1
DA:29,2
DA:30,2
DA:31,2
DA:32,2
DA:33,2
DA:34,2
DA:35,2
DA:36,2
DA:37,1
DA:38,1
DA:39,1
DA:40,1
DA:41,1
DA:42,1
DA:43,1
DA:44,1
DA:45,1
DA:46,1
DA:47,1
DA:48,1
DA:49,1
DA:50,1
DA:51,1
DA:52,1
DA:53,1
DA:54,1
DA:55,1
DA:56,1
DA:57,25
DA:58,25
DA:59,25
DA:60,25
DA:61,25
DA:62,25
DA:63,25
DA:64,25
DA:65,25
DA:66,25
DA:67,25
DA:68,25
DA:69,25
DA:70,25
DA:71,25
DA:72,25
DA:73,25
DA:74,25
DA:75,25
DA:76,25
DA:77,25
DA:78,25
DA:79,25
DA:80,25
DA:81,25
DA:82,25
DA:83,25
DA:84,25
DA:85,25
DA:86,25
DA:87,25
DA:88,25
DA:89,1
DA:90,1
LF:90
LH:90
BRDA:2,0,0,11
BRDA:2,1,0,0
BRDA:2,2,0,4
BRDA:2,3,0,7
BRDA:2,4,0,25
BRDA:2,5,0,4
BRDA:2,6,0,4
BRDA:2,7,0,11
BRDA:2,8,0,150
BRDA:2,9,0,0
BRDA:2,10,0,0
BRDA:2,11,0,0
BRDA:2,12,0,150
BRDA:8,13,0,25
BRDA:76,14,0,1
BRDA:77,15,0,1
BRDA:78,16,0,1
BRDA:20,17,0,25
BRDA:20,18,0,4
BRDA:20,19,0,12
BRDA:20,20,0,20
BRDA:20,21,0,4
BRDA:23,22,0,4
BRDA:25,23,0,2
BRDA:25,24,0,1
BRDA:28,25,0,2
BRDA:33,26,0,2
BRDA:36,27,0,1
BRDA:40,28,0,1
BRDA:42,29,0,1
BRDA:50,30,0,1
BRDA:72,31,0,3
BRDA:73,32,0,3
BRDA:74,33,0,3
BRF:34
BRH:30
end_of_record
