TN:
SF:src\components\Comment.jsx
FN:2,asyncGeneratorStep
FN:2,_asyncToGenerator
FN:2,_next
FN:2,_throw
FN:10,Comment
FN:14,_callee
FN:14,_callee$
FN:23,navigateToEditComment
FN:35,onClick
FN:38,onClick
FNF:10
FNH:10
FNDA:4,asyncGeneratorStep
FNDA:15,_asyncToGenerator
FNDA:3,_next
FNDA:1,_throw
FNDA:15,Comment
FNDA:2,_callee
FNDA:4,_callee$
FNDA:1,navigateToEditComment
FNDA:1,onClick
FNDA:2,onClick
DA:1,1
DA:2,1
DA:3,1
DA:4,1
DA:5,1
DA:6,1
DA:7,1
DA:8,1
DA:9,1
DA:10,1
DA:11,15
DA:12,15
DA:13,15
DA:14,15
DA:15,2
DA:16,2
DA:17,1
DA:18,1
DA:19,1
DA:20,15
DA:21,15
DA:22,15
DA:23,15
DA:24,1
DA:25,15
DA:26,15
DA:27,15
DA:28,15
DA:29,15
DA:30,15
DA:31,15
DA:32,15
DA:33,15
DA:34,14
DA:35,14
DA:36,14
DA:37,14
DA:38,14
DA:39,14
DA:40,14
DA:41,14
DA:42,15
DA:43,15
DA:44,15
DA:45,15
DA:46,15
DA:47,15
DA:48,15
DA:49,1
DA:50,1
LF:50
LH:50
BRDA:2,0,0,4
BRDA:2,1,0,0
BRDA:2,2,0,2
BRDA:2,3,0,15
BRDA:2,4,0,2
BRDA:2,5,0,2
BRDA:2,6,0,3
BRDA:2,7,0,1
BRDA:10,8,0,15
BRDA:33,9,0,13
BRDA:33,10,0,2
BRDA:33,11,0,0
BRDA:33,12,0,14
BRDA:14,13,0,15
BRDA:14,14,0,2
BRDA:14,15,0,4
BRDA:14,16,0,5
BRDA:14,17,0,2
BRDA:16,18,0,1
BRDA:18,19,0,1
BRDA:23,20,0,1
BRDA:35,21,0,1
BRDA:38,22,0,2
BRF:23
BRH:21
end_of_record
TN:
SF:src\components\Menu.jsx
FN:2,asyncGeneratorStep
FN:2,_asyncToGenerator
FN:2,_next
FN:2,_throw
FN:7,Menu
FN:12,_callee
FN:12,_callee$
FNF:7
FNH:7
FNDA:4,asyncGeneratorStep
FNDA:2,_asyncToGenerator
FNDA:3,_next
FNDA:1,_throw
FNDA:2,Menu
FNDA:2,_callee
FNDA:4,_callee$
DA:1,1
DA:2,1
DA:3,1
DA:4,1
DA:5,1
DA:6,1
DA:7,1
DA:8,2
DA:9,2
DA:10,2
DA:11,2
DA:12,2
DA:13,2
DA:14,2
DA:15,1
DA:16,1
DA:17,1
DA:18,1
DA:19,1
DA:20,1
DA:21,2
DA:22,2
DA:23,2
DA:24,2
DA:25,2
DA:26,2
DA:27,2
DA:28,2
DA:29,2
DA:30,0
DA:31,0
DA:32,0
DA:33,2
DA:34,2
DA:35,0
DA:36,0
DA:37,0
DA:38,2
DA:39,2
DA:40,2
DA:41,2
DA:42,2
DA:43,2
DA:44,2
DA:45,2
DA:46,2
DA:47,2
DA:48,2
DA:49,2
DA:50,2
DA:51,2
DA:52,2
DA:53,2
DA:54,2
DA:55,2
DA:56,2
DA:57,2
DA:58,2
DA:59,2
DA:60,2
DA:61,2
DA:62,2
DA:63,2
DA:64,2
DA:65,1
DA:66,1
LF:66
LH:60
BRDA:2,0,0,4
BRDA:2,1,0,0
BRDA:2,2,0,2
BRDA:2,3,0,2
BRDA:2,4,0,2
BRDA:2,5,0,2
BRDA:2,6,0,3
BRDA:2,7,0,1
BRDA:7,8,0,2
BRDA:29,9,0,0
BRDA:34,10,0,0
BRDA:12,11,0,2
BRDA:12,12,0,2
BRDA:12,13,0,4
BRDA:12,14,0,5
BRDA:12,15,0,2
BRDA:14,16,0,1
BRDA:18,17,0,1
BRDA:23,18,0,2
BRF:19
BRH:16
end_of_record
TN:
SF:src\pages\EditComment.jsx
FN:2,asyncGeneratorStep
FN:2,_asyncToGenerator
FN:2,_next
FN:2,_throw
FN:2,_slicedToArray
FN:2,_nonIterableRest
FN:2,_unsupportedIterableToArray
FN:2,_arrayLikeToArray
FN:2,_iterableToArrayLimit
FN:2,_arrayWithHoles
FN:9,EditComment
FN:16,_callee
FN:16,_callee$
FN:30,_callee2
FN:30,_callee2$
FN:71,onChange
FNF:16
FNH:12
FNDA:29,asyncGeneratorStep
FNDA:52,_asyncToGenerator
FNDA:26,_next
FNDA:3,_throw
FNDA:52,_slicedToArray
FNDA:0,_nonIterableRest
FNDA:0,_unsupportedIterableToArray
FNDA:0,_arrayLikeToArray
FNDA:0,_iterableToArrayLimit
FNDA:52,_arrayWithHoles
FNDA:27,EditComment
FNDA:11,_callee
FNDA:23,_callee$
FNDA:4,_callee2
FNDA:8,_callee2$
FNDA:4,onChange
DA:1,1
DA:2,52
DA:3,1
DA:4,1
DA:5,1
DA:6,1
DA:7,1
DA:8,1
DA:9,1
DA:10,27
DA:11,27
DA:12,27
DA:13,27
DA:14,27
DA:15,27
DA:16,27
DA:17,11
DA:18,11
DA:19,9
DA:20,8
DA:21,8
DA:22,3
DA:23,3
DA:24,3
DA:25,27
DA:26,27
DA:27,27
DA:28,27
DA:29,27
DA:30,27
DA:31,4
DA:32,4
DA:33,4
DA:34,4
DA:35,1
DA:36,3
DA:37,3
DA:38,3
DA:39,3
DA:40,3
DA:41,3
DA:42,3
DA:43,3
DA:44,3
DA:45,3
DA:46,3
DA:47,3
DA:48,3
DA:49,3
DA:50,2
DA:51,1
DA:52,1
DA:53,1
DA:54,27
DA:55,27
DA:56,27
DA:57,27
DA:58,11
DA:59,27
DA:60,27
DA:61,27
DA:62,27
DA:63,27
DA:64,27
DA:65,27
DA:66,27
DA:67,27
DA:68,27
DA:69,27
DA:70,27
DA:71,27
DA:72,27
DA:73,27
DA:74,27
DA:75,27
DA:76,27
DA:77,27
DA:78,27
DA:79,27
DA:80,27
DA:81,27
DA:82,27
DA:83,27
DA:84,27
DA:85,27
DA:86,27
DA:87,27
DA:88,27
DA:89,27
DA:90,1
DA:91,1
LF:91
LH:91
BRDA:2,0,0,29
BRDA:2,1,0,0
BRDA:2,2,0,15
BRDA:2,3,0,14
BRDA:2,4,0,52
BRDA:2,5,0,15
BRDA:2,6,0,15
BRDA:2,7,0,26
BRDA:2,8,0,3
BRDA:2,9,0,52
BRDA:2,10,0,0
BRDA:2,11,0,0
BRDA:2,12,0,0
BRDA:2,13,0,52
BRDA:9,14,0,27
BRDA:68,15,0,5
BRDA:16,16,0,26
BRDA:16,17,0,11
BRDA:16,18,0,23
BRDA:16,19,0,31
BRDA:16,20,0,11
BRDA:18,21,0,9
BRDA:19,22,0,8
BRDA:19,23,0,8
BRDA:21,24,0,3
BRDA:30,25,0,26
BRDA:30,26,0,4
BRDA:30,27,0,8
BRDA:30,28,0,13
BRDA:30,29,0,4
BRDA:34,30,0,3
BRDA:34,31,0,1
BRDA:36,32,0,3
BRDA:49,33,0,2
BRDA:51,34,0,1
BRDA:57,35,0,11
BRDA:71,36,0,4
BRF:37
BRH:33
end_of_record
TN:
SF:src\pages\Login.jsx
FN:2,asyncGeneratorStep
FN:2,_asyncToGenerator
FN:2,_next
FN:2,_throw
FN:2,_slicedToArray
FN:2,_nonIterableRest
FN:2,_unsupportedIterableToArray
FN:2,_arrayLikeToArray
FN:2,_iterableToArrayLimit
FN:2,_arrayWithHoles
FN:9,Login
FN:17,_callee
FN:17,_callee$
FN:48,onChange
FN:49,onChange
FNF:15
FNH:11
FNDA:6,asyncGeneratorStep
FNDA:14,_asyncToGenerator
FNDA:5,_next
FNDA:1,_throw
FNDA:42,_slicedToArray
FNDA:0,_nonIterableRest
FNDA:0,_unsupportedIterableToArray
FNDA:0,_arrayLikeToArray
FNDA:0,_iterableToArrayLimit
FNDA:42,_arrayWithHoles
FNDA:14,Login
FNDA:3,_callee
FNDA:8,_callee$
FNDA:1,onChange
FNDA:1,onChange
DA:1,1
DA:2,42
DA:3,1
DA:4,1
DA:5,1
DA:6,1
DA:7,1
DA:8,1
DA:9,1
DA:10,14
DA:11,14
DA:12,14
DA:13,14
DA:14,14
DA:15,14
DA:16,14
DA:17,14
DA:18,3
DA:19,3
DA:20,2
DA:21,2
DA:22,2
DA:23,3
DA:24,3
DA:25,3
DA:26,3
DA:27,3
DA:28,14
DA:29,14
DA:30,14
DA:31,14
DA:32,14
DA:33,14
DA:34,9
DA:35,14
DA:36,14
DA:37,14
DA:38,14
DA:39,14
DA:40,14
DA:41,14
DA:42,14
DA:43,14
DA:44,14
DA:45,14
DA:46,14
DA:47,14
DA:48,14
DA:49,14
DA:50,14
DA:51,14
DA:52,14
DA:53,14
DA:54,14
DA:55,14
DA:56,14
DA:57,14
DA:58,14
DA:59,14
DA:60,14
DA:61,14
DA:62,14
DA:63,1
DA:64,1
LF:64
LH:64
BRDA:2,0,0,6
BRDA:2,1,0,0
BRDA:2,2,0,3
BRDA:2,3,0,14
BRDA:2,4,0,3
BRDA:2,5,0,3
BRDA:2,6,0,5
BRDA:2,7,0,1
BRDA:2,8,0,42
BRDA:2,9,0,0
BRDA:2,10,0,0
BRDA:2,11,0,0
BRDA:2,12,0,42
BRDA:9,13,0,14
BRDA:51,14,0,3
BRDA:17,15,0,14
BRDA:17,16,0,3
BRDA:17,17,0,8
BRDA:17,18,0,3
BRDA:20,19,0,2
BRDA:23,20,0,3
BRDA:33,21,0,9
BRDA:48,22,0,1
BRDA:49,23,0,1
BRF:24
BRH:20
end_of_record
TN:
SF:src\pages\PostDetails.jsx
FN:2,asyncGeneratorStep
FN:2,_asyncToGenerator
FN:2,_next
FN:2,_throw
FN:2,_slicedToArray
FN:2,_nonIterableRest
FN:2,_unsupportedIterableToArray
FN:2,_arrayLikeToArray
FN:2,_iterableToArrayLimit
FN:2,_arrayWithHoles
FN:15,PostDetails
FN:27,_callee
FN:27,_callee$
FN:37,_callee2
FN:56,_callee3
FN:56,_callee3$
FN:74,_callee4
FN:74,_callee4$
FN:104,onClick
FN:140,onChange
FNF:20
FNH:14
FNDA:34,asyncGeneratorStep
FNDA:96,_asyncToGenerator
FNDA:32,_next
FNDA:2,_throw
FNDA:144,_slicedToArray
FNDA:0,_nonIterableRest
FNDA:0,_unsupportedIterableToArray
FNDA:0,_arrayLikeToArray
FNDA:0,_iterableToArrayLimit
FNDA:144,_arrayWithHoles
FNDA:25,PostDetails
FNDA:8,_callee
FNDA:18,_callee$
FNDA:0,_callee2
FNDA:8,_callee3
FNDA:17,_callee3$
FNDA:1,_callee4
FNDA:2,_callee4$
FNDA:0,onClick
FNDA:1,onChange
DA:1,1
DA:2,144
DA:3,1
DA:4,1
DA:5,1
DA:6,1
DA:7,1
DA:8,1
DA:9,1
DA:10,1
DA:11,1
DA:12,1
DA:13,1
DA:14,1
DA:15,1
DA:16,25
DA:17,25
DA:18,25
DA:19,25
DA:20,25
DA:21,25
DA:22,25
DA:23,25
DA:24,25
DA:25,25
DA:26,25
DA:27,25
DA:28,8
DA:29,8
DA:30,7
DA:31,3
DA:32,3
DA:33,3
DA:34,25
DA:35,25
DA:36,25
DA:37,25
DA:38,0
DA:39,0
DA:40,0
DA:41,0
DA:42,0
DA:43,0
DA:44,0
DA:45,0
DA:46,0
DA:47,25
DA:48,25
DA:49,25
DA:50,25
DA:51,25
DA:52,8
DA:53,8
DA:54,25
DA:55,25
DA:56,25
DA:57,8
DA:58,8
DA:59,8
DA:60,7
DA:61,7
DA:62,2
DA:63,2
DA:64,2
DA:65,23
DA:66,25
DA:67,25
DA:68,25
DA:69,25
DA:70,8
DA:71,8
DA:72,25
DA:73,25
DA:74,25
DA:75,1
DA:76,1
DA:77,1
DA:78,1
DA:79,1
DA:80,1
DA:81,1
DA:82,1
DA:83,1
DA:84,0
DA:85,0
DA:86,0
DA:87,0
DA:88,25
DA:89,25
DA:90,25
DA:91,25
DA:92,25
DA:93,25
DA:94,25
DA:95,25
DA:96,25
DA:97,25
DA:98,3
DA:99,25
DA:100,25
DA:101,14
DA:102,14
DA:103,14
DA:104,11
DA:105,11
DA:106,11
DA:107,14
DA:108,14
DA:109,14
DA:110,14
DA:111,14
DA:112,14
DA:113,14
DA:114,14
DA:115,14
DA:116,14
DA:117,14
DA:118,14
DA:119,14
DA:120,14
DA:121,0
DA:122,0
DA:123,0
DA:124,0
DA:125,0
DA:126,14
DA:127,14
DA:128,14
DA:129,14
DA:130,14
DA:131,14
DA:132,14
DA:133,14
DA:134,4
DA:135,14
DA:136,14
DA:137,14
DA:138,14
DA:139,14
DA:140,14
DA:141,14
DA:142,14
DA:143,25
DA:144,25
DA:145,25
DA:146,25
DA:147,25
DA:148,1
DA:149,1
LF:149
LH:131
BRDA:2,0,0,34
BRDA:2,1,0,0
BRDA:2,2,0,17
BRDA:2,3,0,96
BRDA:2,4,0,17
BRDA:2,5,0,17
BRDA:2,6,0,32
BRDA:2,7,0,2
BRDA:2,8,0,144
BRDA:2,9,0,0
BRDA:2,10,0,0
BRDA:2,11,0,0
BRDA:2,12,0,144
BRDA:15,13,0,25
BRDA:97,14,0,3
BRDA:100,15,0,10
BRDA:100,16,0,14
BRDA:103,17,0,11
BRDA:103,18,0,3
BRDA:103,19,0,0
BRDA:103,20,0,11
BRDA:120,21,0,0
BRDA:129,22,0,0
BRDA:133,23,0,0
BRDA:27,24,0,24
BRDA:27,25,0,8
BRDA:27,26,0,18
BRDA:27,27,0,23
BRDA:27,28,0,8
BRDA:29,29,0,7
BRDA:31,30,0,3
BRDA:37,31,0,24
BRDA:51,32,0,8
BRDA:56,33,0,24
BRDA:56,34,0,8
BRDA:56,35,0,17
BRDA:56,36,0,23
BRDA:56,37,0,8
BRDA:59,38,0,7
BRDA:62,39,0,2
BRDA:65,40,0,8
BRDA:65,41,0,8
BRDA:69,42,0,8
BRDA:74,43,0,24
BRDA:74,44,0,1
BRDA:74,45,0,2
BRDA:74,46,0,3
BRDA:74,47,0,1
BRDA:80,48,0,1
BRDA:84,49,0,0
BRDA:133,50,0,4
BRDA:140,51,0,1
BRF:52
BRH:43
end_of_record
TN:
SF:src\pages\Register.jsx
FN:2,asyncGeneratorStep
FN:2,_asyncToGenerator
FN:2,_next
FN:2,_throw
FN:2,_slicedToArray
FN:2,_nonIterableRest
FN:2,_unsupportedIterableToArray
FN:2,_arrayLikeToArray
FN:2,_iterableToArrayLimit
FN:2,_arrayWithHoles
FN:7,Register
FN:19,_callee
FN:19,_callee$
FN:71,onChange
FN:72,onChange
FN:73,onChange
FNF:16
FNH:11
FNDA:11,asyncGeneratorStep
FNDA:25,_asyncToGenerator
FNDA:11,_next
FNDA:0,_throw
FNDA:150,_slicedToArray
FNDA:0,_nonIterableRest
FNDA:0,_unsupportedIterableToArray
FNDA:0,_arrayLikeToArray
FNDA:0,_iterableToArrayLimit
FNDA:150,_arrayWithHoles
FNDA:25,Register
FNDA:4,_callee
FNDA:12,_callee$
FNDA:3,onChange
FNDA:3,onChange
FNDA:3,onChange
DA:1,1
DA:2,150
DA:3,1
DA:4,1
DA:5,1
DA:6,1
DA:7,1
DA:8,25
DA:9,25
DA:10,25
DA:11,25
DA:12,25
DA:13,25
DA:14,25
DA:15,25
DA:16,25
DA:17,25
DA:18,25
DA:19,25
DA:20,4
DA:21,4
DA:22,4
DA:23,4
DA:24,4
DA:25,1
DA:26,1
DA:27,1
DA:28,2
DA:29,2
DA:30,2
DA:31,2
DA:32,2
DA:33,2
DA:34,2
DA:35,2
DA:36,1
DA:37,1
DA:38,1
DA:39,1
DA:40,1
DA:41,1
DA:42,1
DA:43,1
DA:44,1
DA:45,1
DA:46,1
DA:47,1
DA:48,1
DA:49,1
DA:50,1
DA:51,1
DA:52,1
DA:53,1
DA:54,1
DA:55,1
DA:56,25
DA:57,25
DA:58,25
DA:59,25
DA:60,25
DA:61,25
DA:62,25
DA:63,25
DA:64,25
DA:65,25
DA:66,25
DA:67,25
DA:68,25
DA:69,25
DA:70,25
DA:71,25
DA:72,25
DA:73,25
DA:74,25
DA:75,25
DA:76,25
DA:77,25
DA:78,25
DA:79,25
DA:80,25
DA:81,25
DA:82,25
DA:83,25
DA:84,25
DA:85,25
DA:86,25
DA:87,25
DA:88,1
DA:89,1
LF:89
LH:89
BRDA:2,0,0,11
BRDA:2,1,0,0
BRDA:2,2,0,4
BRDA:2,3,0,7
BRDA:2,4,0,25
BRDA:2,5,0,4
BRDA:2,6,0,4
BRDA:2,7,0,11
BRDA:2,8,0,150
BRDA:2,9,0,0
BRDA:2,10,0,0
BRDA:2,11,0,0
BRDA:2,12,0,150
BRDA:7,13,0,25
BRDA:75,14,0,1
BRDA:76,15,0,1
BRDA:77,16,0,1
BRDA:19,17,0,25
BRDA:19,18,0,4
BRDA:19,19,0,12
BRDA:19,20,0,20
BRDA:19,21,0,4
BRDA:22,22,0,4
BRDA:24,23,0,2
BRDA:24,24,0,1
BRDA:27,25,0,2
BRDA:32,26,0,2
BRDA:35,27,0,1
BRDA:39,28,0,1
BRDA:41,29,0,1
BRDA:49,30,0,1
BRDA:71,31,0,3
BRDA:72,32,0,3
BRDA:73,33,0,3
BRF:34
BRH:30
end_of_record
